c:\win32api\winsong\winsong\x64\debug\winsong.pch
c:\win32api\winsong\winsong\x64\debug\vc143.pdb
c:\win32api\winsong\winsong\x64\debug\vc143.idb
c:\win32api\winsong\winsong\x64\debug\canimation.obj
c:\win32api\winsong\winsong\x64\debug\canimator.obj
c:\win32api\winsong\winsong\x64\debug\ccamera.obj
c:\win32api\winsong\winsong\x64\debug\ccollider.obj
c:\win32api\winsong\winsong\x64\debug\ccollisionmgr.obj
c:\win32api\winsong\winsong\x64\debug\ccore.obj
c:\win32api\winsong\winsong\x64\debug\ceventmgr.obj
c:\win32api\winsong\winsong\x64\debug\ckeymgr.obj
c:\win32api\winsong\winsong\x64\debug\cmissile.obj
c:\win32api\winsong\winsong\x64\debug\cmonster.obj
c:\win32api\winsong\winsong\x64\debug\cobject.obj
c:\win32api\winsong\winsong\x64\debug\cpathmgr.obj
c:\win32api\winsong\winsong\x64\debug\cplayer.obj
c:\win32api\winsong\winsong\x64\debug\cres.obj
c:\win32api\winsong\winsong\x64\debug\cresmgr.obj
c:\win32api\winsong\winsong\x64\debug\cscene.obj
c:\win32api\winsong\winsong\x64\debug\cscenemgr.obj
c:\win32api\winsong\winsong\x64\debug\cscene_start.obj
c:\win32api\winsong\winsong\x64\debug\cscene_tool.obj
c:\win32api\winsong\winsong\x64\debug\csound.obj
c:\win32api\winsong\winsong\x64\debug\ctexture.obj
c:\win32api\winsong\winsong\x64\debug\ctimemgr.obj
c:\win32api\winsong\winsong\x64\debug\func.obj
c:\win32api\winsong\winsong\x64\debug\selectgdi.obj
c:\win32api\winsong\winsong\x64\debug\winsong.obj
c:\win32api\winsong\output\bin_debug\winsong.exe
c:\win32api\winsong\winsong\x64\debug\winsong.ilk
c:\win32api\winsong\output\bin_debug\winsong.pdb
c:\win32api\winsong\winsong\x64\debug\winsong.res
c:\win32api\winsong\winsong\x64\debug\winsong.tlog\cl.command.1.tlog
c:\win32api\winsong\winsong\x64\debug\winsong.tlog\cl.read.1.tlog
c:\win32api\winsong\winsong\x64\debug\winsong.tlog\cl.write.1.tlog
c:\win32api\winsong\winsong\x64\debug\winsong.tlog\link.command.1.tlog
c:\win32api\winsong\winsong\x64\debug\winsong.tlog\link.read.1.tlog
c:\win32api\winsong\winsong\x64\debug\winsong.tlog\link.write.1.tlog
c:\win32api\winsong\winsong\x64\debug\winsong.tlog\rc.command.1.tlog
c:\win32api\winsong\winsong\x64\debug\winsong.tlog\rc.read.1.tlog
c:\win32api\winsong\winsong\x64\debug\winsong.tlog\rc.write.1.tlog
